This is pdfTeX, Version 3.1415926-2.5-1.40.14 (MiKTeX 2.9) (preloaded format=pdflatex 2014.11.29)  15 NOV 2015 16:54
entering extended mode
**abgabe_068_UE_03.tex
("E:\Einfuehrung in Latex\Task_03\abgabe_068_UE_03.tex"
LaTeX2e <2011/06/27>
Babel <v3.8m> and hyphenation patterns for english, afrikaans, ancientgreek, ar
abic, armenian, assamese, basque, bengali, bokmal, bulgarian, catalan, coptic, 
croatian, czech, danish, dutch, esperanto, estonian, farsi, finnish, french, ga
lician, german, german-x-2013-05-26, greek, gujarati, hindi, hungarian, iceland
ic, indonesian, interlingua, irish, italian, kannada, kurmanji, latin, latvian,
 lithuanian, malayalam, marathi, mongolian, mongolianlmc, monogreek, ngerman, n
german-x-2013-05-26, nynorsk, oriya, panjabi, pinyin, polish, portuguese, roman
ian, russian, sanskrit, serbian, slovak, slovenian, spanish, swedish, swissgerm
an, tamil, telugu, turkish, turkmen, ukenglish, ukrainian, uppersorbian, usengl
ishmax, welsh, loaded.
("C:\Program Files (x86)\MiKTeX 2.9\tex\latex\base\article.cls"
Document Class: article 2007/10/19 v1.4h Standard LaTeX document class
("C:\Program Files (x86)\MiKTeX 2.9\tex\latex\base\size10.clo"
File: size10.clo 2007/10/19 v1.4h Standard LaTeX file (size option)
)
\c@part=\count79
\c@section=\count80
\c@subsection=\count81
\c@subsubsection=\count82
\c@paragraph=\count83
\c@subparagraph=\count84
\c@figure=\count85
\c@table=\count86
\abovecaptionskip=\skip41
\belowcaptionskip=\skip42
\bibindent=\dimen102
)
("C:\Program Files (x86)\MiKTeX 2.9\tex\latex\tools\multicol.sty"
Package: multicol 2011/06/27 v1.7a multicolumn formatting (FMi)
\c@tracingmulticols=\count87
\mult@box=\box26
\multicol@leftmargin=\dimen103
\c@unbalance=\count88
\c@collectmore=\count89
\doublecol@number=\count90
\multicoltolerance=\count91
\multicolpretolerance=\count92
\full@width=\dimen104
\page@free=\dimen105
\premulticols=\dimen106
\postmulticols=\dimen107
\multicolsep=\skip43
\multicolbaselineskip=\skip44
\partial@page=\box27
\last@line=\box28
\mult@rightbox=\box29
\mult@grightbox=\box30
\mult@gfirstbox=\box31
\mult@firstbox=\box32
\@tempa=\box33
\@tempa=\box34
\@tempa=\box35
\@tempa=\box36
\@tempa=\box37
\@tempa=\box38
\@tempa=\box39
\@tempa=\box40
\@tempa=\box41
\@tempa=\box42
\@tempa=\box43
\@tempa=\box44
\@tempa=\box45
\@tempa=\box46
\@tempa=\box47
\@tempa=\box48
\@tempa=\box49
\c@columnbadness=\count93
\c@finalcolumnbadness=\count94
\last@try=\dimen108
\multicolovershoot=\dimen109
\multicolundershoot=\dimen110
\mult@nat@firstbox=\box50
\colbreak@box=\box51
\multicol@sort@counter=\count95
)
("E:\Einfuehrung in Latex\Task_03\abgabe_068_UE_03.aux")
LaTeX Font Info:    Checking defaults for OML/cmm/m/it on input line 16.
LaTeX Font Info:    ... okay on input line 16.
LaTeX Font Info:    Checking defaults for T1/cmr/m/n on input line 16.
LaTeX Font Info:    ... okay on input line 16.
LaTeX Font Info:    Checking defaults for OT1/cmr/m/n on input line 16.
LaTeX Font Info:    ... okay on input line 16.
LaTeX Font Info:    Checking defaults for OMS/cmsy/m/n on input line 16.
LaTeX Font Info:    ... okay on input line 16.
LaTeX Font Info:    Checking defaults for OMX/cmex/m/n on input line 16.
LaTeX Font Info:    ... okay on input line 16.
LaTeX Font Info:    Checking defaults for U/cmr/m/n on input line 16.
LaTeX Font Info:    ... okay on input line 16.
LaTeX Font Info:    External font `cmex10' loaded for size
(Font)              <12> on input line 17.
LaTeX Font Info:    External font `cmex10' loaded for size
(Font)              <8> on input line 17.
LaTeX Font Info:    External font `cmex10' loaded for size
(Font)              <6> on input line 17.
Missing character: There is no Â in font cmr9!
Missing character: There is no ° in font cmr9!
Missing character: There is no Ï in font cmr9!
Missing character: There is no ‰ in font cmr9!
Missing character: There is no Î in font cmr9!
Missing character: There is no µ in font cmr9!
Missing character: There is no Ï in font cmr9!
Missing character: There is no ‰ in font cmr9!
Missing character: There is no Î in font cmr9!
Missing character: There is no µ in font cmr9!
Missing character: There is no Î in font cmr9!
Missing character: There is no µ in font cmr9!
Missing character: There is no Î in font cmr9!
Missing character: There is no µ in font cmr9!
Missing character: There is no Î in font cmr9!
Missing character: There is no µ in font cmr9!
Missing character: There is no Ï in font cmr9!
Missing character: There is no ‰ in font cmr9!
Missing character: There is no Î in font cmr9!
Missing character: There is no µ in font cmr9!
Missing character: There is no Ï in font cmr9!
Missing character: There is no ‰ in font cmr9!
Missing character: There is no Î in font cmr9!
Missing character: There is no µ in font cmr9!
Missing character: There is no Î in font cmr9!
Missing character: There is no µ in font cmr9!

Underfull \hbox (badness 7631) in paragraph at lines 25--26
[]\OT1/cmr/m/n/10 Development of the nu-mer-i-cal
 []

[1

{C:/ProgramData/MiKTeX/2.9/pdftex/config/pdftex.map}]
Missing character: There is no Î in font cmr10!
Missing character: There is no µ in font cmr10!
Missing character: There is no Î in font cmr10!
Missing character: There is no µ in font cmr10!
Missing character: There is no Î in font cmr10!
Missing character: There is no µ in font cmr10!
Missing character: There is no Î in font cmr10!
Missing character: There is no µ in font cmr10!
Missing character: There is no Î in font cmr10!
Missing character: There is no µ in font cmr10!
Missing character: There is no Î in font cmr10!
Missing character: There is no µ in font cmr10!
Missing character: There is no Î in font cmr10!
Missing character: There is no µ in font cmr10!
Missing character: There is no Î in font cmr10!
Missing character: There is no µ in font cmr10!
Missing character: There is no Î in font cmr10!
Missing character: There is no µ in font cmr10!
Missing character: There is no Î in font cmr10!
Missing character: There is no µ in font cmr10!
\c@thm=\count96
\c@lem=\count97
LaTeX Font Info:    Try loading font information for OMS+cmr on input line 52.

("C:\Program Files (x86)\MiKTeX 2.9\tex\latex\base\omscmr.fd"
File: omscmr.fd 1999/05/25 v2.5h Standard LaTeX font definitions
)
LaTeX Font Info:    Font shape `OMS/cmr/m/n' in size <10> not available
(Font)              Font shape `OMS/cmsy/m/n' tried instead on input line 52.
LaTeX Font Info:    External font `cmex10' loaded for size
(Font)              <7> on input line 52.
LaTeX Font Info:    External font `cmex10' loaded for size
(Font)              <5> on input line 52.
 [2]
Missing character: There is no â in font cmti10!
Missing character: There is no € in font cmti10!
Missing character: There is no ™ in font cmti10!

Underfull \hbox (badness 10000) in paragraph at lines 72--75
\OT1/cmr/m/it/10 da-tion for Com-puter Sci-ence\OT1/cmr/m/n/10 ,
 []

[3] ("E:\Einfuehrung in Latex\Task_03\abgabe_068_UE_03.aux") ) 
Here is how much of TeX's memory you used:
 374 strings out of 493921
 4729 string characters out of 3144860
 58432 words of memory out of 3000000
 3730 multiletter control sequences out of 15000+200000
 9197 words of font info for 32 fonts, out of 3000000 for 9000
 841 hyphenation exceptions out of 8191
 23i,6n,19p,1662b,331s stack positions out of 5000i,500n,10000p,200000b,50000s
<C:/Program Files
 (x86)/MiKTeX 2.9/fonts/type1/public/amsfonts/cm/cmbx10.pfb><C:/Program Files (
x86)/MiKTeX 2.9/fonts/type1/public/amsfonts/cm/cmbx12.pfb><C:/Program Files (x8
6)/MiKTeX 2.9/fonts/type1/public/amsfonts/cm/cmbx9.pfb><C:/Program Files (x86)/
MiKTeX 2.9/fonts/type1/public/amsfonts/cm/cmmi10.pfb><C:/Program Files (x86)/Mi
KTeX 2.9/fonts/type1/public/amsfonts/cm/cmr10.pfb><C:/Program Files (x86)/MiKTe
X 2.9/fonts/type1/public/amsfonts/cm/cmr12.pfb><C:/Program Files (x86)/MiKTeX 2
.9/fonts/type1/public/amsfonts/cm/cmr17.pfb><C:/Program Files (x86)/MiKTeX 2.9/
fonts/type1/public/amsfonts/cm/cmr9.pfb><C:/Program Files (x86)/MiKTeX 2.9/font
s/type1/public/amsfonts/cm/cmsy10.pfb><C:/Program Files (x86)/MiKTeX 2.9/fonts/
type1/public/amsfonts/cm/cmti10.pfb><C:/Program Files (x86)/MiKTeX 2.9/fonts/ty
pe1/public/amsfonts/cm/cmti7.pfb>
Output written on abgabe_068_UE_03.pdf (3 pages, 153465 bytes).
PDF statistics:
 56 PDF objects out of 1000 (max. 8388607)
 0 named destinations out of 1000 (max. 500000)
 1 words of extra memory for PDF output out of 10000 (max. 10000000)

