This is pdfTeX, Version 3.14159265-2.6-1.40.18 (MiKTeX 2.9.6500 64-bit) (preloaded format=pdflatex 2018.3.23)  18 MAY 2018 22:33
entering extended mode
**D:/MasterThesis/8_Report/Thesis/Report_Writing-master/Chapters/Turbulence_Cha
pter.tex

(D:/MasterThesis/8_Report/Thesis/Report_Writing-master/Chapters/Turbulence_Chap
ter.tex
LaTeX2e <2017-04-15>
Babel <3.15> and hyphenation patterns for 75 language(s) loaded.
("C:\Users\Soni\AppData\Local\Programs\MiKTeX 2.9\tex\latex\base\article.cls"
Document Class: article 2014/09/29 v1.4h Standard LaTeX document class
("C:\Users\Soni\AppData\Local\Programs\MiKTeX 2.9\tex\latex\base\size10.clo"
File: size10.clo 2014/09/29 v1.4h Standard LaTeX file (size option)
)
\c@part=\count79
\c@section=\count80
\c@subsection=\count81
\c@subsubsection=\count82
\c@paragraph=\count83
\c@subparagraph=\count84
\c@figure=\count85
\c@table=\count86
\abovecaptionskip=\skip41
\belowcaptionskip=\skip42
\bibindent=\dimen102
)
("C:\Users\Soni\AppData\Local\Programs\MiKTeX 2.9\tex\latex\hyperref\hyperref.s
ty"
Package: hyperref 2017/03/14 v6.85a Hypertext links for LaTeX

("C:\Users\Soni\AppData\Local\Programs\MiKTeX 2.9\tex\generic\oberdiek\hobsub-h
yperref.sty"
Package: hobsub-hyperref 2016/05/16 v1.14 Bundle oberdiek, subset hyperref (HO)


("C:\Users\Soni\AppData\Local\Programs\MiKTeX 2.9\tex\generic\oberdiek\hobsub-g
eneric.sty"
Package: hobsub-generic 2016/05/16 v1.14 Bundle oberdiek, subset generic (HO)
Package: hobsub 2016/05/16 v1.14 Construct package bundles (HO)
Package: infwarerr 2016/05/16 v1.4 Providing info/warning/error messages (HO)
Package: ltxcmds 2016/05/16 v1.23 LaTeX kernel commands for general use (HO)
Package: ifluatex 2016/05/16 v1.4 Provides the ifluatex switch (HO)
Package ifluatex Info: LuaTeX not detected.
Package: ifvtex 2016/05/16 v1.6 Detect VTeX and its facilities (HO)
Package ifvtex Info: VTeX not detected.
Package: intcalc 2016/05/16 v1.2 Expandable calculations with integers (HO)
Package: ifpdf 2017/03/15 v3.2 Provides the ifpdf switch
Package: etexcmds 2016/05/16 v1.6 Avoid name clashes with e-TeX commands (HO)
Package etexcmds Info: Could not find \expanded.
(etexcmds)             That can mean that you are not using pdfTeX 1.50 or
(etexcmds)             that some package has redefined \expanded.
(etexcmds)             In the latter case, load this package earlier.
Package: kvsetkeys 2016/05/16 v1.17 Key value parser (HO)
Package: kvdefinekeys 2016/05/16 v1.4 Define keys (HO)
Package: pdftexcmds 2017/03/19 v0.25 Utility functions of pdfTeX for LuaTeX (HO
)
Package pdftexcmds Info: LuaTeX not detected.
Package pdftexcmds Info: \pdf@primitive is available.
Package pdftexcmds Info: \pdf@ifprimitive is available.
Package pdftexcmds Info: \pdfdraftmode found.
Package: pdfescape 2016/05/16 v1.14 Implements pdfTeX's escape features (HO)
Package: bigintcalc 2016/05/16 v1.4 Expandable calculations on big integers (HO
)
Package: bitset 2016/05/16 v1.2 Handle bit-vector datatype (HO)
Package: uniquecounter 2016/05/16 v1.3 Provide unlimited unique counter (HO)
)
Package hobsub Info: Skipping package `hobsub' (already loaded).
Package: letltxmacro 2016/05/16 v1.5 Let assignment for LaTeX macros (HO)
Package: hopatch 2016/05/16 v1.3 Wrapper for package hooks (HO)
Package: xcolor-patch 2016/05/16 xcolor patch
Package: atveryend 2016/05/16 v1.9 Hooks at the very end of document (HO)
Package atveryend Info: \enddocument detected (standard20110627).
Package: atbegshi 2016/06/09 v1.18 At begin shipout hook (HO)
Package: refcount 2016/05/16 v3.5 Data extraction from label references (HO)
Package: hycolor 2016/05/16 v1.8 Color options for hyperref/bookmark (HO)
)
("C:\Users\Soni\AppData\Local\Programs\MiKTeX 2.9\tex\latex\graphics\keyval.sty
"
Package: keyval 2014/10/28 v1.15 key=value parser (DPC)
\KV@toks@=\toks14
)
("C:\Users\Soni\AppData\Local\Programs\MiKTeX 2.9\tex\generic\ifxetex\ifxetex.s
ty"
Package: ifxetex 2010/09/12 v0.6 Provides ifxetex conditional
)
("C:\Users\Soni\AppData\Local\Programs\MiKTeX 2.9\tex\latex\oberdiek\auxhook.st
y"
Package: auxhook 2016/05/16 v1.4 Hooks for auxiliary files (HO)
)
("C:\Users\Soni\AppData\Local\Programs\MiKTeX 2.9\tex\latex\oberdiek\kvoptions.
sty"
Package: kvoptions 2016/05/16 v3.12 Key value format for package options (HO)
)
\@linkdim=\dimen103
\Hy@linkcounter=\count87
\Hy@pagecounter=\count88

("C:\Users\Soni\AppData\Local\Programs\MiKTeX 2.9\tex\latex\hyperref\pd1enc.def
"
File: pd1enc.def 2017/03/14 v6.85a Hyperref: PDFDocEncoding definition (HO)
)
\Hy@SavedSpaceFactor=\count89

("C:\Users\Soni\AppData\Local\Programs\MiKTeX 2.9\tex\latex\00miktex\hyperref.c
fg"
File: hyperref.cfg 2002/06/06 v1.2 hyperref configuration of TeXLive
)
Package hyperref Info: Option `colorlinks' set `true' on input line 4374.
Package hyperref Info: Hyper figures OFF on input line 4498.
Package hyperref Info: Link nesting OFF on input line 4503.
Package hyperref Info: Hyper index ON on input line 4506.
Package hyperref Info: Plain pages OFF on input line 4513.
Package hyperref Info: Backreferencing OFF on input line 4518.
Package hyperref Info: Implicit mode ON; LaTeX internals redefined.
Package hyperref Info: Bookmarks ON on input line 4751.
\c@Hy@tempcnt=\count90
 ("C:\Users\Soni\AppData\Local\Programs\MiKTeX 2.9\tex\latex\url\url.sty"
\Urlmuskip=\muskip10
Package: url 2013/09/16  ver 3.4  Verb mode for urls, etc.
)
LaTeX Info: Redefining \url on input line 5104.
\XeTeXLinkMargin=\dimen104
\Fld@menulength=\count91
\Field@Width=\dimen105
\Fld@charsize=\dimen106
Package hyperref Info: Hyper figures OFF on input line 6358.
Package hyperref Info: Link nesting OFF on input line 6363.
Package hyperref Info: Hyper index ON on input line 6366.
Package hyperref Info: backreferencing OFF on input line 6373.
Package hyperref Info: Link coloring ON on input line 6376.
Package hyperref Info: Link coloring with OCG OFF on input line 6383.
Package hyperref Info: PDF/A mode OFF on input line 6388.
LaTeX Info: Redefining \ref on input line 6428.
LaTeX Info: Redefining \pageref on input line 6432.
\Hy@abspage=\count92
\c@Item=\count93
\c@Hfootnote=\count94
)

Package hyperref Message: Driver (autodetected): hpdftex.


("C:\Users\Soni\AppData\Local\Programs\MiKTeX 2.9\tex\latex\hyperref\hpdftex.de
f"
File: hpdftex.def 2017/03/14 v6.85a Hyperref driver for pdfTeX
\Fld@listcount=\count95
\c@bookmark@seq@number=\count96

("C:\Users\Soni\AppData\Local\Programs\MiKTeX 2.9\tex\latex\oberdiek\rerunfilec
heck.sty"
Package: rerunfilecheck 2016/05/16 v1.8 Rerun checks for auxiliary files (HO)
Package uniquecounter Info: New unique counter `rerunfilecheck' on input line 2
82.
)
\Hy@SectionHShift=\skip43
)
("C:\Users\Soni\AppData\Local\Programs\MiKTeX 2.9\tex\latex\graphics\color.sty"
Package: color 2016/07/10 v1.1e Standard LaTeX Color (DPC)

("C:\Users\Soni\AppData\Local\Programs\MiKTeX 2.9\tex\latex\graphics-cfg\color.
cfg"
File: color.cfg 2016/01/02 v1.6 sample color configuration
)
Package color Info: Driver file: pdftex.def on input line 147.

("C:\Users\Soni\AppData\Local\Programs\MiKTeX 2.9\tex\latex\graphics-def\pdftex
.def"
File: pdftex.def 2017/06/24 v1.0g Graphics/color driver for pdftex
))
("C:\Users\Soni\AppData\Local\Programs\MiKTeX 2.9\tex\latex\subfigure\subfigure
.sty"
Package: subfigure 2002/07/30 v2.1.4 subfigure package
\subfigtopskip=\skip44
\subfigcapskip=\skip45
\subfigcaptopadj=\dimen107
\subfigbottomskip=\skip46
\subfigcapmargin=\dimen108
\subfiglabelskip=\skip47
\c@subfigure=\count97
\c@lofdepth=\count98
\c@subtable=\count99
\c@lotdepth=\count100

****************************************
* Local config file subfigure.cfg used *
****************************************

("C:\Users\Soni\AppData\Local\Programs\MiKTeX 2.9\tex\latex\subfigure\subfigure
.cfg")
\subfig@top=\skip48
\subfig@bottom=\skip49
)
("C:\Users\Soni\AppData\Local\Programs\MiKTeX 2.9\tex\latex\graphics\graphicx.s
ty"
Package: graphicx 2017/06/01 v1.1a Enhanced LaTeX Graphics (DPC,SPQR)

("C:\Users\Soni\AppData\Local\Programs\MiKTeX 2.9\tex\latex\graphics\graphics.s
ty"
Package: graphics 2017/06/25 v1.2c Standard LaTeX Graphics (DPC,SPQR)

("C:\Users\Soni\AppData\Local\Programs\MiKTeX 2.9\tex\latex\graphics\trig.sty"
Package: trig 2016/01/03 v1.10 sin cos tan (DPC)
)
("C:\Users\Soni\AppData\Local\Programs\MiKTeX 2.9\tex\latex\graphics-cfg\graphi
cs.cfg"
File: graphics.cfg 2016/06/04 v1.11 sample graphics configuration
)
Package graphics Info: Driver file: pdftex.def on input line 99.
)
\Gin@req@height=\dimen109
\Gin@req@width=\dimen110
)
("C:\Users\Soni\AppData\Local\Programs\MiKTeX 2.9\tex\latex\psfrag\psfrag.sty"
Package: psfrag 1998/04/11 v3.04 PSfrag (MCG)
\pfg@pcount=\count101
\pfg@scount=\count102
\pfg@temp=\write3
) ("C:\Users\Soni\AppData\Local\Programs\MiKTeX 2.9\tex\latex\amsmath\amsmath.s
ty"
Package: amsmath 2017/09/02 v2.17a AMS math features
\@mathmargin=\skip50

For additional information on amsmath, use the `?' option.
("C:\Users\Soni\AppData\Local\Programs\MiKTeX 2.9\tex\latex\amsmath\amstext.sty
"
Package: amstext 2000/06/29 v2.01 AMS text
 ("C:\Users\Soni\AppData\Local\Programs\MiKTeX 2.9\tex\latex\amsmath\amsgen.sty
"
File: amsgen.sty 1999/11/30 v2.0 generic functions
\@emptytoks=\toks15
\ex@=\dimen111
))
("C:\Users\Soni\AppData\Local\Programs\MiKTeX 2.9\tex\latex\amsmath\amsbsy.sty"
Package: amsbsy 1999/11/29 v1.2d Bold Symbols
\pmbraise@=\dimen112
) ("C:\Users\Soni\AppData\Local\Programs\MiKTeX 2.9\tex\latex\amsmath\amsopn.st
y"
Package: amsopn 2016/03/08 v2.02 operator names
)
\inf@bad=\count103
LaTeX Info: Redefining \frac on input line 213.
\uproot@=\count104
\leftroot@=\count105
LaTeX Info: Redefining \overline on input line 375.
\classnum@=\count106
\DOTSCASE@=\count107
LaTeX Info: Redefining \ldots on input line 472.
LaTeX Info: Redefining \dots on input line 475.
LaTeX Info: Redefining \cdots on input line 596.
\Mathstrutbox@=\box26
\strutbox@=\box27
\big@size=\dimen113
LaTeX Font Info:    Redeclaring font encoding OML on input line 712.
LaTeX Font Info:    Redeclaring font encoding OMS on input line 713.
\macc@depth=\count108
\c@MaxMatrixCols=\count109
\dotsspace@=\muskip11
\c@parentequation=\count110
\dspbrk@lvl=\count111
\tag@help=\toks16
\row@=\count112
\column@=\count113
\maxfields@=\count114
\andhelp@=\toks17
\eqnshift@=\dimen114
\alignsep@=\dimen115
\tagshift@=\dimen116
\tagwidth@=\dimen117
\totwidth@=\dimen118
\lineht@=\dimen119
\@envbody=\toks18
\multlinegap=\skip51
\multlinetaggap=\skip52
\mathdisplay@stack=\toks19
LaTeX Info: Redefining \[ on input line 2817.
LaTeX Info: Redefining \] on input line 2818.
)
("C:\Users\Soni\AppData\Local\Programs\MiKTeX 2.9\tex\latex\amsfonts\amsfonts.s
ty"
Package: amsfonts 2013/01/14 v3.01 Basic AMSFonts support
\symAMSa=\mathgroup4
\symAMSb=\mathgroup5
LaTeX Font Info:    Overwriting math alphabet `\mathfrak' in version `bold'
(Font)                  U/euf/m/n --> U/euf/b/n on input line 106.
)
("C:\Users\Soni\AppData\Local\Programs\MiKTeX 2.9\tex\latex\base\latexsym.sty"
Package: latexsym 1998/08/17 v2.2e Standard LaTeX package (lasy symbols)
\symlasy=\mathgroup6
LaTeX Font Info:    Overwriting symbol font `lasy' in version `bold'
(Font)                  U/lasy/m/n --> U/lasy/b/n on input line 52.
)
("C:\Users\Soni\AppData\Local\Programs\MiKTeX 2.9\tex\latex\amsfonts\amssymb.st
y"
Package: amssymb 2013/01/14 v3.01 AMS font symbols
)
("C:\Users\Soni\AppData\Local\Programs\MiKTeX 2.9\tex\latex\oberdiek\epstopdf.s
ty"
Package: epstopdf 2016/05/15 v2.6 Conversion with epstopdf on the fly (HO)

("C:\Users\Soni\AppData\Local\Programs\MiKTeX 2.9\tex\latex\oberdiek\epstopdf-b
ase.sty"
Package: epstopdf-base 2016/05/15 v2.6 Base part for package epstopdf

("C:\Users\Soni\AppData\Local\Programs\MiKTeX 2.9\tex\latex\oberdiek\grfext.sty
"
Package: grfext 2016/05/16 v1.2 Manage graphics extensions (HO)
)
Package epstopdf-base Info: Redefining graphics rule for `.eps' on input line 4
38.
Package grfext Info: Graphics extension search list:
(grfext)             [.pdf,.png,.jpg,.mps,.jpeg,.jbig2,.jb2,.PDF,.PNG,.JPG,.JPE
G,.JBIG2,.JB2,.eps]
(grfext)             \AppendGraphicsExtensions on input line 456.
))
("C:\Users\Soni\AppData\Local\Programs\MiKTeX 2.9\tex\latex\oberdiek\grffile.st
y"
Package: grffile 2016/05/16 v1.17 Extended file name support for graphics (HO)
Package grffile Info: Option `multidot' is set to `true'.
Package grffile Info: Option `extendedchars' is set to `false'.
Package grffile Info: Option `space' is set to `true'.
Package grffile Info: \Gin@ii of package `graphicx' fixed on input line 486.
)
(D:/MasterThesis/8_Report/Thesis/Report_Writing-master/Chapters\Turbulence_Chap
ter.aux)
\openout1 = `Turbulence_Chapter.aux'.

LaTeX Font Info:    Checking defaults for OML/cmm/m/it on input line 58.
LaTeX Font Info:    ... okay on input line 58.
LaTeX Font Info:    Checking defaults for T1/cmr/m/n on input line 58.
LaTeX Font Info:    ... okay on input line 58.
LaTeX Font Info:    Checking defaults for OT1/cmr/m/n on input line 58.
LaTeX Font Info:    ... okay on input line 58.
LaTeX Font Info:    Checking defaults for OMS/cmsy/m/n on input line 58.
LaTeX Font Info:    ... okay on input line 58.
LaTeX Font Info:    Checking defaults for OMX/cmex/m/n on input line 58.
LaTeX Font Info:    ... okay on input line 58.
LaTeX Font Info:    Checking defaults for U/cmr/m/n on input line 58.
LaTeX Font Info:    ... okay on input line 58.
LaTeX Font Info:    Checking defaults for PD1/pdf/m/n on input line 58.
LaTeX Font Info:    ... okay on input line 58.
\AtBeginShipoutBox=\box28
Package hyperref Info: Link coloring ON on input line 58.

("C:\Users\Soni\AppData\Local\Programs\MiKTeX 2.9\tex\latex\hyperref\nameref.st
y"
Package: nameref 2016/05/21 v2.44 Cross-referencing by name of section

("C:\Users\Soni\AppData\Local\Programs\MiKTeX 2.9\tex\generic\oberdiek\gettitle
string.sty"
Package: gettitlestring 2016/05/16 v1.5 Cleanup title references (HO)
)
\c@section@level=\count115
)
LaTeX Info: Redefining \ref on input line 58.
LaTeX Info: Redefining \pageref on input line 58.
LaTeX Info: Redefining \nameref on input line 58.

(D:/MasterThesis/8_Report/Thesis/Report_Writing-master/Chapters\Turbulence_Chap
ter.out)
(D:/MasterThesis/8_Report/Thesis/Report_Writing-master/Chapters\Turbulence_Chap
ter.out)
\@outlinefile=\write4
\openout4 = `Turbulence_Chapter.out'.


("C:\Users\Soni\AppData\Local\Programs\MiKTeX 2.9\tex\context\base\supp-pdf.mki
i"
[Loading MPS to PDF converter (version 2006.09.02).]
\scratchcounter=\count116
\scratchdimen=\dimen120
\scratchbox=\box29
\nofMPsegments=\count117
\nofMParguments=\count118
\everyMPshowfont=\toks20
\MPscratchCnt=\count119
\MPscratchDim=\dimen121
\MPnumerator=\count120
\makeMPintoPDFobject=\count121
\everyMPtoPDFconversion=\toks21
)
LaTeX Font Info:    Try loading font information for U+msa on input line 72.
 ("C:\Users\Soni\AppData\Local\Programs\MiKTeX 2.9\tex\latex\amsfonts\umsa.fd"
File: umsa.fd 2013/01/14 v3.01 AMS symbols A
)
LaTeX Font Info:    Try loading font information for U+msb on input line 72.
 ("C:\Users\Soni\AppData\Local\Programs\MiKTeX 2.9\tex\latex\amsfonts\umsb.fd"
File: umsb.fd 2013/01/14 v3.01 AMS symbols B
)
LaTeX Font Info:    Try loading font information for U+lasy on input line 72.
 ("C:\Users\Soni\AppData\Local\Programs\MiKTeX 2.9\tex\latex\base\ulasy.fd"
File: ulasy.fd 1998/08/17 v2.2e LaTeX symbol font definitions
)

LaTeX Warning: No \author given.

[1
Non-PDF special ignored!

{C:/Users/Soni/AppData/Local/MiKTeX/2.9/pdftex/config/pdftex.map}]
(D:/MasterThesis/8_Report/Thesis/Report_Writing-master/Chapters\00_Abstract/Abs
tract.tex
Underfull \hbox (badness 10000) in paragraph at lines 4--6

 []

) [1

]
No file Turbulence_Chapter.toc.
\tf@toc=\write5
\openout5 = `Turbulence_Chapter.toc'.


(D:/MasterThesis/8_Report/Thesis/Report_Writing-master/Chapters\01_Channel_flow
_test/Channel_flow_test.tex [2]
Underfull \hbox (badness 10000) in paragraph at lines 4--6

 []


Underfull \hbox (badness 10000) in paragraph at lines 7--8

 []


Underfull \hbox (badness 10000) in paragraph at lines 18--22

 []


Package hyperref Warning: Token not allowed in a PDF string (PDFDocEncoding):
(hyperref)                removing `math shift' on input line 24.


Package hyperref Warning: Token not allowed in a PDF string (PDFDocEncoding):
(hyperref)                removing `superscript' on input line 24.


Package hyperref Warning: Token not allowed in a PDF string (PDFDocEncoding):
(hyperref)                removing `math shift' on input line 24.

[3]
Underfull \hbox (badness 10000) in paragraph at lines 59--63

 []


Package hyperref Warning: Token not allowed in a PDF string (PDFDocEncoding):
(hyperref)                removing `math shift' on input line 64.


Package hyperref Warning: Token not allowed in a PDF string (PDFDocEncoding):
(hyperref)                removing `superscript' on input line 64.


Package hyperref Warning: Token not allowed in a PDF string (PDFDocEncoding):
(hyperref)                removing `math shift' on input line 64.

)
Underfull \hbox (badness 10000) in paragraph at lines 66--81

 []

[4]
(D:/MasterThesis/8_Report/Thesis/Report_Writing-master/Chapters\03_reportRefere
nce/reportReference.tex [5]
Missing character: There is no Ã in font cmti10!
Missing character: There is no ¶ in font cmti10!

Underfull \hbox (badness 10000) in paragraph at lines 5--16

 []


Underfull \hbox (badness 10000) in paragraph at lines 5--16

 []


Underfull \hbox (badness 10000) in paragraph at lines 5--16

 []


Underfull \hbox (badness 10000) in paragraph at lines 5--16

 []

[6] [7]

LaTeX Warning: Citation `pope:book' on page viii undefined on input line 50.


LaTeX Warning: Citation `tennekes:lumley' on page viii undefined on input line 
50.


Underfull \hbox (badness 10000) in paragraph at lines 54--54
[]\OT1/cmr/bx/n/10 turbulent
 []

Package epstopdf Info: Source file: <figur/v_time_2_new.eps>
(epstopdf)                    date: 2009-12-08 19:27:50
(epstopdf)                    size: 25613 bytes
(epstopdf)             Output file: <./v_time_2_new-eps-converted-to.pdf>
(epstopdf)             Command: <epstopdf --outfile=./v_time_2_new-eps-converte
d-to.pdf figur/v_time_2_new.eps>
(epstopdf)             \includegraphics on input line 79.
runsystem(epstopdf --outfile=./v_time_2_new-eps-converted-to.pdf figur/v_time_2
_new.eps)...executed (allowed).

Package epstopdf Info: Result file: <./v_time_2_new-eps-converted-to.pdf>
(epstopdf)                    date: 2018-05-18 22:33:13
(epstopdf)                    size: 19879 bytes.
<./v_time_2_new-eps-converted-to.pdf, id=85, pagebox=cropbox, 506.89375pt x 420
.57124pt>
File: ./v_time_2_new-eps-converted-to.pdf Graphic file (type pdf)
<use ./v_time_2_new-eps-converted-to.pdf>
Package pdftex.def Info: ./v_time_2_new-eps-converted-to.pdf  used on input lin
e 79. on input line 79.
Package pdftex.def Info: Requested size: 108.12054pt x 89.7023pt on input line 
79.

Overfull \hbox (0.93657pt too wide) in paragraph at lines 79--80
[][] 
 []

Package epstopdf Info: Source file: <figur/v_time_3_new.eps>
(epstopdf)                    date: 2009-12-08 19:27:56
(epstopdf)                    size: 25607 bytes
(epstopdf)             Output file: <./v_time_3_new-eps-converted-to.pdf>
(epstopdf)             Command: <epstopdf --outfile=./v_time_3_new-eps-converte
d-to.pdf figur/v_time_3_new.eps>
(epstopdf)             \includegraphics on input line 87.
runsystem(epstopdf --outfile=./v_time_3_new-eps-converted-to.pdf figur/v_time_3
_new.eps)...executed (allowed).

Package epstopdf Info: Result file: <./v_time_3_new-eps-converted-to.pdf>
(epstopdf)                    date: 2018-05-18 22:33:15
(epstopdf)                    size: 19941 bytes.
<./v_time_3_new-eps-converted-to.pdf, id=86, pagebox=cropbox, 523.9575pt x 420.
57124pt>
File: ./v_time_3_new-eps-converted-to.pdf Graphic file (type pdf)
<use ./v_time_3_new-eps-converted-to.pdf>
Package pdftex.def Info: ./v_time_3_new-eps-converted-to.pdf  used on input lin
e 87. on input line 87.
Package pdftex.def Info: Requested size: 108.12054pt x 86.7824pt on input line 
87.

Overfull \hbox (0.93657pt too wide) in paragraph at lines 87--88
[][] 
 []

Package epstopdf Info: Source file: <figur/v_time_3_new_low.eps>
(epstopdf)                    date: 2009-12-08 19:28:05
(epstopdf)                    size: 26375 bytes
(epstopdf)             Output file: <./v_time_3_new_low-eps-converted-to.pdf>
(epstopdf)             Command: <epstopdf --outfile=./v_time_3_new_low-eps-conv
erted-to.pdf figur/v_time_3_new_low.eps>
(epstopdf)             \includegraphics on input line 95.
runsystem(epstopdf --outfile=./v_time_3_new_low-eps-converted-to.pdf figur/v_ti
me_3_new_low.eps)...executed (allowed).

Package epstopdf Info: Result file: <./v_time_3_new_low-eps-converted-to.pdf>
(epstopdf)                    date: 2018-05-18 22:33:18
(epstopdf)                    size: 20498 bytes.
<./v_time_3_new_low-eps-converted-to.pdf, id=87, pagebox=cropbox, 506.89375pt x
 420.57124pt>
File: ./v_time_3_new_low-eps-converted-to.pdf Graphic file (type pdf)
<use ./v_time_3_new_low-eps-converted-to.pdf>
Package pdftex.def Info: ./v_time_3_new_low-eps-converted-to.pdf  used on input
 line 95. on input line 95.
Package pdftex.def Info: Requested size: 108.12054pt x 89.7023pt on input line 
95.

Overfull \hbox (0.93657pt too wide) in paragraph at lines 95--96
[][] 
 []

[8 <./v_time_2_new-eps-converted-to.pdf> <./v_time_3_new-eps-converted-to.pdf> 
<./v_time_3_new_low-eps-converted-to.pdf>]

LaTeX Warning: Reference `decomposition_eq' on page ix undefined on input line 
156.


LaTeX Warning: Reference `decomposition_eq' on page ix undefined on input line 
156.


LaTeX Warning: Reference `cont_eq' on page ix undefined on input line 157.


LaTeX Warning: Reference `NS_time_eq' on page ix undefined on input line 172.


LaTeX Warning: Reference `NS_time_eq' on page ix undefined on input line 177.


LaTeX Warning: Reference `NS_time_eq' on page ix undefined on input line 193.

<figur/Energy_Spectrum_comp.png, id=120, 683.55376pt x 506.6428pt>
File: figur/Energy_Spectrum_comp.png Graphic file (type png)
<use figur/Energy_Spectrum_comp.png>
Package pdftex.def Info: figur/Energy_Spectrum_comp.png  used on input line 214
. on input line 214.
Package pdftex.def Info: Requested size: 156.49014pt x 115.98424pt on input lin
e 214.
Package epstopdf Info: Source file: <figur/AA2016_Profiles_global_coords_compar
ison.eps>
(epstopdf)                    date: 2018-04-03 09:10:14
(epstopdf)                    size: 42632 bytes
(epstopdf)             Output file: <./AA2016_Profiles_global_coords_comparison
-eps-converted-to.pdf>
(epstopdf)             Command: <epstopdf --outfile=./AA2016_Profiles_global_co
ords_comparison-eps-converted-to.pdf figur/AA2016_Profiles_global_coords_compar
ison.eps>
(epstopdf)             \includegraphics on input line 221.
runsystem(epstopdf --outfile=./AA2016_Profiles_global_coords_comparison-eps-con
verted-to.pdf figur/AA2016_Profiles_global_coords_comparison.eps)...executed (a
llowed).

Package epstopdf Info: Result file: <./AA2016_Profiles_global_coords_comparison
-eps-converted-to.pdf>.

! Package pdftex.def Error: File `./AA2016_Profiles_global_coords_comparison-ep
s-converted-to.pdf' not found: using draft setting.

See the pdftex.def package documentation for explanation.
Type  H <return>  for immediate help.
 ...                                              
                                                  
l.221 }
       
? 

LaTeX Warning: Citation `hoyas:jimenez:06' on page ix undefined on input line 2
30.


LaTeX Warning: Citation `hoyas:jimenez:web:data' on page ix undefined on input 
line 230.


LaTeX Warning: Citation `hoyas:jimenez:06' on page ix undefined on input line 2
30.


LaTeX Warning: Citation `hoyas:jimenez:web:data' on page ix undefined on input 
line 230.


LaTeX Warning: `!h' float specifier changed to `!ht'.


LaTeX Warning: Citation `davidson:transport:06' on page ix undefined on input l
ine 235.

[9]

Package hyperref Warning: Token not allowed in a PDF string (PDFDocEncoding):
(hyperref)                removing `math shift' on input line 245.


Package hyperref Warning: Token not allowed in a PDF string (PDFDocEncoding):
(hyperref)                removing `\varepsilon' on input line 245.


Package hyperref Warning: Token not allowed in a PDF string (PDFDocEncoding):
(hyperref)                removing `\delta' on input line 245.


Package hyperref Warning: Token not allowed in a PDF string (PDFDocEncoding):
(hyperref)                removing `math shift' on input line 245.


LaTeX Warning: Reference `eps-delta' on page x undefined on input line 265.

No file Turbulence_Chapter.bbl.
)
Package atveryend Info: Empty hook `BeforeClearDocument' on input line 88.
 [10 <D:/MasterThesis/8_Report/Thesis/Report_Writing-master/Chapters/figur/Ener
gy_Spectrum_comp.png>]
Package atveryend Info: Empty hook `AfterLastShipout' on input line 88.
 (Turbulence_Chapter.aux)
Package atveryend Info: Executing hook `AtVeryEndDocument' on input line 88.
Package atveryend Info: Executing hook `AtEndAfterFileList' on input line 88.


Package rerunfilecheck Warning: File `Turbulence_Chapter.out' has changed.
(rerunfilecheck)                Rerun to get outlines right
(rerunfilecheck)                or use package `bookmark'.

Package rerunfilecheck Info: Checksums for `Turbulence_Chapter.out':
(rerunfilecheck)             Before: FFF4CE106DFC24D4EE0EEC0D167DC479;119
(rerunfilecheck)             After:  9F661A2A0B8F59CF4F8D6139A59CA525;641.

LaTeX Warning: There were undefined references.


LaTeX Warning: Label(s) may have changed. Rerun to get cross-references right.

Package atveryend Info: Empty hook `AtVeryVeryEnd' on input line 88.
 ) 
Here is how much of TeX's memory you used:
 6398 strings out of 493312
 95505 string characters out of 3130262
 179619 words of memory out of 3000000
 9800 multiletter control sequences out of 15000+200000
 14359 words of font info for 60 fonts, out of 3000000 for 9000
 1141 hyphenation exceptions out of 8191
 29i,19n,31p,1039b,366s stack positions out of 5000i,500n,10000p,200000b,50000s
pdfTeX warning (dest): name{equation.0.3} has been referenced but does not ex
ist, replaced by a fixed one

pdfTeX warning (dest): name{equation.0.1} has been referenced but does not exis
t, replaced by a fixed one

pdfTeX warning (dest): name{equation.0.2} has been referenced but does not exis
t, replaced by a fixed one

pdfTeX warning (dest): name{subsection.0.2} has been referenced but does not ex
ist, replaced by a fixed one

pdfTeX warning (dest): name{subsection.0.1} has been referenced but does not ex
ist, replaced by a fixed one

<C:/Users/Soni/AppData/Local/Programs/MiKTeX 2.9/fonts/type1/public/amsfonts/cm
/cmbx10.pfb><C:/Users/Soni/AppData/Local/Programs/MiKTeX 2.9/fonts/type1/public
/amsfonts/cm/cmbx12.pfb><C:/Users/Soni/AppData/Local/Programs/MiKTeX 2.9/fonts/
type1/public/amsfonts/cm/cmex10.pfb><C:/Users/Soni/AppData/Local/Programs/MiKTe
X 2.9/fonts/type1/public/amsfonts/cm/cmmi10.pfb><C:/Users/Soni/AppData/Local/Pr
ograms/MiKTeX 2.9/fonts/type1/public/amsfonts/cm/cmmi12.pfb><C:/Users/Soni/AppD
ata/Local/Programs/MiKTeX 2.9/fonts/type1/public/amsfonts/cm/cmmi5.pfb><C:/User
s/Soni/AppData/Local/Programs/MiKTeX 2.9/fonts/type1/public/amsfonts/cm/cmmi7.p
fb><C:/Users/Soni/AppData/Local/Programs/MiKTeX 2.9/fonts/type1/public/amsfonts
/cm/cmmi8.pfb><C:/Users/Soni/AppData/Local/Programs/MiKTeX 2.9/fonts/type1/publ
ic/amsfonts/cm/cmr10.pfb><C:/Users/Soni/AppData/Local/Programs/MiKTeX 2.9/fonts
/type1/public/amsfonts/cm/cmr12.pfb><C:/Users/Soni/AppData/Local/Programs/MiKTe
X 2.9/fonts/type1/public/amsfonts/cm/cmr17.pfb><C:/Users/Soni/AppData/Local/Pro
grams/MiKTeX 2.9/fonts/type1/public/amsfonts/cm/cmr7.pfb><C:/Users/Soni/AppData
/Local/Programs/MiKTeX 2.9/fonts/type1/public/amsfonts/cm/cmr8.pfb><C:/Users/So
ni/AppData/Local/Programs/MiKTeX 2.9/fonts/type1/public/amsfonts/cm/cmsl10.pfb>
<C:/Users/Soni/AppData/Local/Programs/MiKTeX 2.9/fonts/type1/public/amsfonts/cm
/cmsy10.pfb><C:/Users/Soni/AppData/Local/Programs/MiKTeX 2.9/fonts/type1/public
/amsfonts/cm/cmsy7.pfb><C:/Users/Soni/AppData/Local/Programs/MiKTeX 2.9/fonts/t
ype1/public/amsfonts/cm/cmsy8.pfb><C:/Users/Soni/AppData/Local/Programs/MiKTeX 
2.9/fonts/type1/public/amsfonts/cm/cmti10.pfb><C:/Users/Soni/AppData/Local/Prog
rams/MiKTeX 2.9/fonts/type1/public/amsfonts/cm/cmtt10.pfb><C:/Users/Soni/AppDat
a/Local/Programs/MiKTeX 2.9/fonts/type1/public/amsfonts/symbols/msam10.pfb>
Output written on Turbulence_Chapter.pdf (11 pages, 345377 bytes).
PDF statistics:
 218 PDF objects out of 1000 (max. 8388607)
 50 named destinations out of 1000 (max. 500000)
 37 words of extra memory for PDF output out of 10000 (max. 10000000)

